TN:
SF:/home/omo/Desktop/Andela_Bootcamp_Project/SendIT/server/index.js
FN:11,(anonymous_0)
FN:36,(anonymous_1)
FN:51,(anonymous_2)
FN:53,(anonymous_3)
FN:68,(anonymous_4)
FN:72,(anonymous_5)
FN:93,(anonymous_6)
FN:95,(anonymous_7)
FN:110,(anonymous_8)
FNF:9
FNH:9
FNDA:2,(anonymous_0)
FNDA:1,(anonymous_1)
FNDA:2,(anonymous_2)
FNDA:1,(anonymous_3)
FNDA:2,(anonymous_4)
FNDA:1,(anonymous_5)
FNDA:2,(anonymous_6)
FNDA:1,(anonymous_7)
FNDA:1,(anonymous_8)
DA:6,1
DA:8,1
DA:9,1
DA:11,1
DA:12,2
DA:13,1
DA:22,1
DA:23,1
DA:30,1
DA:36,1
DA:37,1
DA:38,0
DA:45,1
DA:51,1
DA:52,2
DA:53,2
DA:54,2
DA:55,1
DA:61,1
DA:68,1
DA:69,2
DA:72,2
DA:73,1
DA:74,1
DA:78,2
DA:79,1
DA:85,1
DA:87,1
DA:93,1
DA:94,2
DA:95,2
DA:96,2
DA:97,1
DA:104,1
DA:110,1
DA:111,1
LF:36
LH:35
BRDA:12,0,0,1
BRDA:12,0,1,1
BRDA:12,1,0,2
BRDA:12,1,1,1
BRDA:12,1,2,1
BRDA:37,2,0,0
BRDA:37,2,1,1
BRDA:54,3,0,1
BRDA:54,3,1,1
BRDA:73,4,0,1
BRDA:73,4,1,0
BRDA:78,5,0,1
BRDA:78,5,1,1
BRDA:96,6,0,1
BRDA:96,6,1,1
BRF:15
BRH:13
end_of_record
TN:
SF:/home/omo/Desktop/Andela_Bootcamp_Project/SendIT/server/db/db.js
FNF:0
FNH:0
LF:0
LH:0
BRF:0
BRH:0
end_of_record
